C:\USERS\SHONE\DOCUMENTS\VISUAL STUDIO 2012\PROJECTS\MORDERN PROGRAMMING\HOMEWORK-01\HOMEWORK-01\DEBUG\MAIN.OBJ
C:\USERS\SHONE\DOCUMENTS\VISUAL STUDIO 2012\PROJECTS\MORDERN PROGRAMMING\HOMEWORK-01\HOMEWORK-01\DEBUG\VC110.PDB
C:\USERS\SHONE\DOCUMENTS\VISUAL STUDIO 2012\PROJECTS\MORDERN PROGRAMMING\HOMEWORK-01\DEBUG\HOMEWORK-01.ILK
C:\USERS\SHONE\DOCUMENTS\VISUAL STUDIO 2012\PROJECTS\MORDERN PROGRAMMING\HOMEWORK-01\DEBUG\HOMEWORK-01.EXE
C:\USERS\SHONE\DOCUMENTS\VISUAL STUDIO 2012\PROJECTS\MORDERN PROGRAMMING\HOMEWORK-01\DEBUG\HOMEWORK-01.PDB
C:\Users\Shone\Documents\Visual Studio 2012\Projects\Mordern Programming\homework-01\homework-01\Debug\main.obj
C:\Users\Shone\Documents\Visual Studio 2012\Projects\Mordern Programming\homework-01\homework-01\Debug\cl.command.1.tlog
C:\Users\Shone\Documents\Visual Studio 2012\Projects\Mordern Programming\homework-01\homework-01\Debug\CL.read.1.tlog
C:\Users\Shone\Documents\Visual Studio 2012\Projects\Mordern Programming\homework-01\homework-01\Debug\CL.write.1.tlog
C:\Users\Shone\Documents\Visual Studio 2012\Projects\Mordern Programming\homework-01\homework-01\Debug\link-cvtres.read.1.tlog
C:\Users\Shone\Documents\Visual Studio 2012\Projects\Mordern Programming\homework-01\homework-01\Debug\link-cvtres.write.1.tlog
C:\Users\Shone\Documents\Visual Studio 2012\Projects\Mordern Programming\homework-01\homework-01\Debug\link-rc.read.1.tlog
C:\Users\Shone\Documents\Visual Studio 2012\Projects\Mordern Programming\homework-01\homework-01\Debug\link-rc.write.1.tlog
C:\Users\Shone\Documents\Visual Studio 2012\Projects\Mordern Programming\homework-01\homework-01\Debug\link.command.1.tlog
C:\Users\Shone\Documents\Visual Studio 2012\Projects\Mordern Programming\homework-01\homework-01\Debug\link.read.1.tlog
C:\Users\Shone\Documents\Visual Studio 2012\Projects\Mordern Programming\homework-01\homework-01\Debug\link.write.1.tlog
C:\Users\Shone\Documents\Visual Studio 2012\Projects\Mordern Programming\homework-01\homework-01\Debug\vc110.idb
C:\Users\Shone\Documents\Visual Studio 2012\Projects\Mordern Programming\homework-01\homework-01\Debug\vc110.pdb
C:\Users\Shone\Documents\Visual Studio 2012\Projects\Mordern Programming\homework-01\Debug\homework-01.pdb
C:\Users\Shone\Documents\Visual Studio 2012\Projects\Mordern Programming\homework-01\Debug\homework-01.exe
C:\Users\Shone\Documents\Visual Studio 2012\Projects\Mordern Programming\homework-01\Debug\homework-01.ilk
